测试关注功能:2017/5/27 10:47:27
测试关注功能:2017/5/27 10:52:23
测试关注功能:2017/5/27 10:52:25
测试关注功能:2017/5/27 10:52:37
未将对象引用设置到对象的实例。+没有以正确的方式进入详情页面+2017/5/27 11:29:02
测试关注功能:2017/5/27 11:29:22
测试关注功能:2017/5/27 11:33:28
测试关注功能:2017/5/27 11:33:37
测试关注功能:2017/5/27 11:33:41
测试关注功能:2017/5/27 11:35:58
测试关注功能:2017/5/27 11:36:27
测试关注功能:2017/5/27 11:37:20
测试关注功能:2017/5/27 11:37:24
测试关注功能:2017/5/27 11:38:08
测试关注功能:2017/5/27 11:38:14
测试关注功能:2017/5/27 11:38:42
测试关注功能:2017/5/27 11:38:58
测试关注功能:2017/5/27 11:40:01
测试关注功能:2017/5/27 11:42:25
测试关注功能:2017/5/27 12:25:06
测试关注功能:2017/5/27 12:29:21
测试关注功能:2017/5/27 12:33:57
测试关注功能:2017/5/27 12:35:42
测试关注功能:2017/5/27 12:37:33
测试关注功能:2017/5/27 12:38:40
测试关注功能:2017/5/27 12:38:44
测试关注功能:2017/5/27 12:38:51
测试关注功能:2017/5/27 12:38:55
测试关注功能:2017/5/27 12:40:56
测试关注功能:2017/5/27 12:40:58
测试关注功能:2017/5/27 12:41:00
测试关注功能:2017/5/27 12:41:44
测试关注功能:2017/5/27 12:42:22
测试关注功能:2017/5/27 12:42:44
测试关注功能:2017/5/27 12:47:20
测试关注功能:2017/5/27 12:47:42
测试关注功能:2017/5/27 12:51:03
测试关注功能:2017/5/27 12:55:55
测试关注功能:2017/5/27 12:58:59
测试关注功能:2017/5/27 13:04:36
测试关注功能:2017/5/27 13:05:16
测试关注功能:2017/5/27 13:06:14
测试关注功能:2017/5/27 13:15:46
测试关注功能:2017/5/27 13:17:28
测试关注功能:2017/5/27 13:17:51
测试关注功能:2017/5/27 13:18:11
测试关注功能:2017/5/27 13:18:57
测试关注功能:2017/5/27 15:40:07
测试关注功能:2017/5/27 15:40:08
测试关注功能:2017/5/27 15:40:08
测试关注功能:2017/5/27 19:12:42
测试关注功能:2017/5/27 19:12:44
测试关注功能:2017/5/27 19:14:36
测试关注功能:2017/5/27 19:14:59
测试关注功能:2017/5/27 19:15:03
测试关注功能:2017/5/27 19:15:04
测试关注功能:2017/5/27 19:15:05
测试关注功能:2017/5/27 19:16:58
ORA-00904: "UNDEFINED": 标识符无效####select username from users where userid=undefined:2017/5/27 19:17:14
测试关注功能:2017/5/27 19:17:23
ORA-00904: "UNDEFINED": 标识符无效####select username from users where userid=undefined:2017/5/27 19:18:52
测试关注功能:2017/5/27 19:18:54
ORA-00904: "UNDEFINED": 标识符无效####select username from users where userid=undefined:2017/5/27 19:19:39
测试关注功能:2017/5/27 19:19:42
ORA-00926: 缺失 VALUES 关键字####insert into returncontent(poitime,userid,houseid,username,content):2017/5/27 19:20:43
测试关注功能:2017/5/27 19:20:46
测试关注功能:2017/5/27 19:27:48
ORA-01861: 文字与格式字符串不匹配####insert into returncontent(poitime,userid,houseid,username,content) values(to_date('2017/5/27 19:27:57'),2,3,'马腾飞           ','        把编辑器的初始内容放在这textarea即可'):2017/5/27 19:27:57
测试关注功能:2017/5/27 19:28:01
ORA-01861: 文字与格式字符串不匹配####insert into returncontent(poitime,userid,houseid,username,content) values(to_date('2017/5/27 19:32:45'),2,1,'马腾飞','把编辑器的初始内容放在这textarea即可'):2017/5/27 19:32:45
测试关注功能:2017/5/27 19:33:36
ORA-01861: 文字与格式字符串不匹配####insert into returncontent(poitime,userid,houseid,username,content) values(to_date('2017/5/27 19:33:52'),2,4,'马腾飞','把编辑器的初始内容放在这textarea即可'):2017/5/27 19:33:52
测试关注功能:2017/5/27 19:33:55
测试关注功能:2017/5/27 19:38:12
测试关注功能:2017/5/27 19:38:20
测试关注功能:2017/5/27 20:27:15
测试关注功能:2017/5/27 20:27:23
测试关注功能:2017/5/27 20:27:33
测试关注功能:2017/5/27 20:28:08
测试关注功能:2017/5/27 20:31:06
未将对象引用设置到对象的实例。+没有以正确的方式进入详情页面+2017/5/27 20:31:50
测试关注功能:2017/5/27 20:35:30
测试关注功能:2017/5/27 20:35:34
ORA-00001: 违反唯一约束条件 (ADMIN.PK_RETURNCONTENT)####insert into returncontent(poitime,userid,houseid,username,content) values(to_date('2017/5/27 21:14:52','YYYY-MM-DD HH24:MI:SS'),2,4,'马腾飞','把编辑器的初始内容放在这textarea即可'):2017/5/27 21:14:52
测试关注功能:2017/5/27 21:14:53
ORA-00001: 违反唯一约束条件 (ADMIN.PK_RETURNCONTENT)####insert into returncontent(poitime,userid,houseid,username,content) values(to_date('2017/5/27 21:22:22','YYYY-MM-DD HH24:MI:SS'),2,4,'马腾飞','一楼这房子号码'):2017/5/27 21:22:23
ORA-00936: 缺失表达式####select * from concern where userid=2 and houseid=:2017/5/27 21:22:23
ORA-00001: 违反唯一约束条件 (ADMIN.PK_RETURNCONTENT)####insert into returncontent(poitime,userid,houseid,username,content) values(to_date('2017/5/27 21:23:53','YYYY-MM-DD HH24:MI:SS'),2,4,'马腾飞','水水'):2017/5/27 21:23:53
ORA-00001: 违反唯一约束条件 (ADMIN.PK_RETURNCONTENT)####insert into returncontent(poitime,userid,houseid,username,content) values(to_date('2017/5/27 21:32:58','YYYY-MM-DD HH24:MI:SS'),2,4,'马腾飞','这是个好房子，让人感觉得温馨'):2017/5/27 21:32:58
测试关注功能:2017/5/27 22:13:25
测试关注功能:2017/5/27 22:19:21
测试关注功能:2017/5/27 22:20:57
