未将对象引用设置到对象的实例。+没有以正确的方式进入详情页面+2017/5/22 18:31:51
未将对象引用设置到对象的实例。+没有以正确的方式进入详情页面+2017/5/22 18:38:27
未将对象引用设置到对象的实例。+没有以正确的方式进入详情页面+2017/5/22 18:39:14
未将对象引用设置到对象的实例。+没有以正确的方式进入详情页面+2017/5/22 18:39:17
未将对象引用设置到对象的实例。+没有以正确的方式进入详情页面+2017/5/22 18:39:18
未将对象引用设置到对象的实例。+没有以正确的方式进入详情页面+2017/5/22 18:39:21
未将对象引用设置到对象的实例。+没有以正确的方式进入详情页面+2017/5/22 18:40:00
未将对象引用设置到对象的实例。+没有以正确的方式进入详情页面+2017/5/22 18:40:01
未将对象引用设置到对象的实例。+没有以正确的方式进入详情页面+2017/5/22 18:40:02
未将对象引用设置到对象的实例。+没有以正确的方式进入详情页面+2017/5/22 18:40:02
未将对象引用设置到对象的实例。+没有以正确的方式进入详情页面+2017/5/22 18:40:02
未将对象引用设置到对象的实例。+没有以正确的方式进入详情页面+2017/5/22 18:40:02
未将对象引用设置到对象的实例。+没有以正确的方式进入详情页面+2017/5/22 18:40:03
未将对象引用设置到对象的实例。+没有以正确的方式进入详情页面+2017/5/22 18:41:02
未将对象引用设置到对象的实例。+没有以正确的方式进入详情页面+2017/5/22 18:41:11
未将对象引用设置到对象的实例。+没有以正确的方式进入详情页面+2017/5/22 18:41:39
未将对象引用设置到对象的实例。+没有以正确的方式进入详情页面+2017/5/22 18:41:54
未将对象引用设置到对象的实例。+没有以正确的方式进入详情页面+2017/5/22 18:44:00
未将对象引用设置到对象的实例。+没有以正确的方式进入详情页面+2017/5/22 18:57:36
未将对象引用设置到对象的实例。+没有以正确的方式进入详情页面+2017/5/22 18:58:34
未将对象引用设置到对象的实例。+没有以正确的方式进入详情页面+2017/5/22 19:00:05
未将对象引用设置到对象的实例。+没有以正确的方式进入详情页面+2017/5/22 20:55:47
未将对象引用设置到对象的实例。+没有以正确的方式进入详情页面+2017/5/22 21:00:51
未将对象引用设置到对象的实例。+没有以正确的方式进入详情页面+2017/5/22 21:01:36
未将对象引用设置到对象的实例。+没有以正确的方式进入详情页面+2017/5/22 21:02:07
未将对象引用设置到对象的实例。+没有以正确的方式进入详情页面+2017/5/22 21:03:02
未将对象引用设置到对象的实例。+没有以正确的方式进入详情页面+2017/5/22 21:03:18
未将对象引用设置到对象的实例。+没有以正确的方式进入详情页面+2017/5/22 21:07:06
未将对象引用设置到对象的实例。+没有以正确的方式进入详情页面+2017/5/22 21:07:23
未将对象引用设置到对象的实例。+没有以正确的方式进入详情页面+2017/5/22 21:07:23
ORA-00936: 缺失表达式####select * from newhouseinformation where houseid=:2017/5/22 21:09:57
ORA-00936: 缺失表达式####select * from newhouseinformation where houseid=:2017/5/22 21:09:57
ORA-00936: 缺失表达式####select * from newhouseinformation where houseid=:2017/5/22 21:26:32
ORA-00936: 缺失表达式####select * from newhouseinformation where houseid=:2017/5/22 21:26:32
ORA-00936: 缺失表达式####select * from newhouseinformation where houseid=:2017/5/22 21:28:13
ORA-00936: 缺失表达式####select * from newhouseinformation where houseid=:2017/5/22 21:28:13
ORA-00936: 缺失表达式####select * from newhouseinformation where houseid=:2017/5/22 21:30:05
ORA-00936: 缺失表达式####select * from newhouseinformation where houseid=:2017/5/22 21:30:05
ORA-00936: 缺失表达式####select * from newhouseinformation where houseid=:2017/5/22 21:30:26
ORA-00936: 缺失表达式####select * from newhouseinformation where houseid=:2017/5/22 21:30:26
ORA-00936: 缺失表达式####select * from newhouseinformation where houseid=:2017/5/22 21:32:09
ORA-00936: 缺失表达式####select * from newhouseinformation where houseid=:2017/5/22 21:32:09
ORA-00936: 缺失表达式####select * from newhouseinformation where houseid=:2017/5/22 21:32:52
ORA-00936: 缺失表达式####select * from newhouseinformation where houseid=:2017/5/22 21:32:52
ORA-00936: 缺失表达式####select * from newhouseinformation where houseid=:2017/5/22 21:37:37
ORA-00936: 缺失表达式####select * from newhouseinformation where houseid=:2017/5/22 21:37:37
ORA-00936: 缺失表达式####select * from newhouseinformation where houseid=:2017/5/22 21:38:59
ORA-00936: 缺失表达式####select * from newhouseinformation where houseid=:2017/5/22 21:38:59
ORA-00936: 缺失表达式####select * from newhouseinformation where houseid=:2017/5/22 21:39:14
ORA-00936: 缺失表达式####select * from newhouseinformation where houseid=:2017/5/22 21:39:15
ORA-00936: 缺失表达式####select * from newhouseinformation where houseid=:2017/5/22 21:40:23
ORA-00936: 缺失表达式####select * from newhouseinformation where houseid=:2017/5/22 21:40:23
ORA-00936: 缺失表达式####select * from newhouseinformation where houseid=:2017/5/22 21:41:39
ORA-00936: 缺失表达式####select * from newhouseinformation where houseid=:2017/5/22 21:41:39
ORA-00936: 缺失表达式####select * from newhouseinformation where houseid=:2017/5/22 21:46:29
ORA-00936: 缺失表达式####select * from newhouseinformation where houseid=:2017/5/22 21:46:29
值不能为 null。
参数名: dataTable####select * from concern where userid=1 and houseid=1:2017/5/22 21:46:31
ORA-00936: 缺失表达式####select * from newhouseinformation where houseid=:2017/5/22 21:48:04
ORA-00936: 缺失表达式####select * from newhouseinformation where houseid=:2017/5/22 21:48:05
ORA-00936: 缺失表达式####select * from newhouseinformation where houseid=:2017/5/22 21:50:07
ORA-00936: 缺失表达式####select * from newhouseinformation where houseid=:2017/5/22 21:50:07
ORA-00936: 缺失表达式####select * from newhouseinformation where houseid=:2017/5/22 21:51:47
ORA-00936: 缺失表达式####select * from newhouseinformation where houseid=:2017/5/22 21:51:47
ORA-00936: 缺失表达式####select * from newhouseinformation where houseid=:2017/5/22 21:53:26
ORA-00936: 缺失表达式####select * from newhouseinformation where houseid=:2017/5/22 21:53:26
ORA-00936: 缺失表达式####select * from newhouseinformation where houseid=:2017/5/22 21:54:22
ORA-00936: 缺失表达式####select * from newhouseinformation where houseid=:2017/5/22 21:54:22
ORA-00936: 缺失表达式####select * from newhouseinformation where houseid=:2017/5/22 21:55:42
ORA-00936: 缺失表达式####select * from newhouseinformation where houseid=:2017/5/22 21:55:42
ORA-00936: 缺失表达式####select * from newhouseinformation where houseid=:2017/5/22 21:57:56
ORA-00936: 缺失表达式####select * from newhouseinformation where houseid=:2017/5/22 21:57:56
ORA-00936: 缺失表达式####select * from newhouseinformation where houseid=:2017/5/22 21:59:02
ORA-00936: 缺失表达式####select * from newhouseinformation where houseid=:2017/5/22 21:59:02
ORA-00936: 缺失表达式####select * from newhouseinformation where houseid=:2017/5/22 22:00:01
ORA-00936: 缺失表达式####select * from newhouseinformation where houseid=:2017/5/22 22:01:08
ORA-00936: 缺失表达式####select * from newhouseinformation where houseid=:2017/5/22 22:02:24
ORA-00936: 缺失表达式####select * from newhouseinformation where houseid=:2017/5/22 22:02:54
ORA-00936: 缺失表达式####select * from newhouseinformation where houseid=:2017/5/22 22:03:35
ORA-00984: 列在此处不允许####insert into concern values(userid,houseid):2017/5/22 22:03:46
ORA-00984: 列在此处不允许####insert into concern values(userid,houseid):在进行关注时出现插入的错误：2017/5/22 22:03:46
ORA-00936: 缺失表达式####select * from newhouseinformation where houseid=:2017/5/22 22:04:20
ORA-00984: 列在此处不允许####insert into concern values(userid,houseid):2017/5/22 22:04:27
ORA-00984: 列在此处不允许####insert into concern values(userid,houseid):在进行关注时出现插入的错误：2017/5/22 22:04:27
ORA-00936: 缺失表达式####select * from newhouseinformation where houseid=:2017/5/22 22:07:39
ORA-00936: 缺失表达式####select * from newhouseinformation where houseid=:2017/5/22 22:09:23
ORA-00936: 缺失表达式####select * from newhouseinformation where houseid=:2017/5/22 22:14:32
ORA-00936: 缺失表达式####select * from newhouseinformation where houseid=:2017/5/22 22:15:28
ORA-00936: 缺失表达式####select * from newhouseinformation where houseid=:2017/5/22 22:17:41
测试关注功能:2017/5/22 22:17:43
ORA-00936: 缺失表达式####select * from newhouseinformation where houseid=:2017/5/22 22:22:43
1|1&1|1&
ORA-00936: 缺失表达式####select * from newhouseinformation where houseid=:2017/5/22 22:24:36
ORA-00936: 缺失表达式####select * from newhouseinformation where houseid=:2017/5/22 22:41:04
ORA-00936: 缺失表达式####select * from newhouseinformation where houseid=:2017/5/22 22:47:28
ORA-00936: 缺失表达式####select * from newhouseinformation where houseid=:2017/5/22 22:48:24
ORA-00936: 缺失表达式####select * from newhouseinformation where houseid=:2017/5/22 22:54:00
ORA-00936: 缺失表达式####select * from newhouseinformation where houseid=:2017/5/22 22:56:27
ORA-00936: 缺失表达式####select * from newhouseinformation where houseid=:2017/5/22 22:56:48
ORA-00936: 缺失表达式####select * from newhouseinformation where houseid=:2017/5/22 23:03:15
ORA-00936: 缺失表达式####select * from newhouseinformation where houseid=:2017/5/22 23:04:27
ORA-00936: 缺失表达式####select * from newhouseinformation where houseid=:2017/5/22 23:04:44
